0 info it worked if it ends with ok
1 verbose cli [ 'node', '/usr/local/bin/npm', 'start' ]
2 info using npm@2.5.0
3 info using node@v0.10.30
4 verbose run-script [ 'prestart', 'start', 'poststart' ]
5 info prestart my-website@0.0.1
6 info start my-website@0.0.1
7 verbose unsafe-perm in lifecycle true
8 info my-website@0.0.1 Failed to exec start script
9 verbose stack Error: my-website@0.0.1 start: `node generate.js`
9 verbose stack Exit status 8
9 verbose stack     at EventEmitter.<anonymous> (/usr/local/lib/node_modules/npm/lib/utils/lifecycle.js:213:16)
9 verbose stack     at EventEmitter.emit (events.js:98:17)
9 verbose stack     at ChildProcess.<anonymous> (/usr/local/lib/node_modules/npm/lib/utils/spawn.js:14:12)
9 verbose stack     at ChildProcess.emit (events.js:98:17)
9 verbose stack     at maybeClose (child_process.js:756:16)
9 verbose stack     at Process.ChildProcess._handle.onexit (child_process.js:823:5)
10 verbose pkgid my-website@0.0.1
11 verbose cwd /Users/rickbergfalk/Code/sqlpad
12 error Darwin 14.5.0
13 error argv "node" "/usr/local/bin/npm" "start"
14 error node v0.10.30
15 error npm  v2.5.0
16 error code ELIFECYCLE
17 error my-website@0.0.1 start: `node generate.js`
17 error Exit status 8
18 error Failed at the my-website@0.0.1 start script 'node generate.js'.
18 error This is most likely a problem with the my-website package,
18 error not with npm itself.
18 error Tell the author that this fails on your system:
18 error     node generate.js
18 error You can get their info via:
18 error     npm owner ls my-website
18 error There is likely additional logging output above.
19 verbose exit [ 1, true ]
